<?xml version="1.0" encoding="UTF-8"?>
<!-- Generated by org.testng.reporters.JUnitXMLReporter -->
<testsuite ignored="1" hostname="Mugundhan" failures="1" tests="1" name="Default test" time="605.154" errors="0" timestamp="2024-05-08T17:35:21 IST">
  <testcase classname="tests.SampleTest" name="sampleLogin" time="602.348">
    <failure type="com.microsoft.playwright.TimeoutError" message="Error {
  message=&amp;apos;Timeout 100000ms exceeded.
  name=&amp;apos;TimeoutError
  stack=&amp;apos;TimeoutError: Timeout 100000ms exceeded.
    at ProgressController.run (C:\Users\ALPHIN~1\AppData\Local\Temp\playwright-java-5674233418925643551\package\lib\server\progress.js:78:26)
    at Frame.click (C:\Users\ALPHIN~1\AppData\Local\Temp\playwright-java-5674233418925643551\package\lib\server\frames.js:1001:23)
    at FrameDispatcher.click (C:\Users\ALPHIN~1\AppData\Local\Temp\playwright-java-5674233418925643551\package\lib\server\dispatchers\frameDispatcher.js:158:30)
    at FrameDispatcher._handleCommand (C:\Users\ALPHIN~1\AppData\Local\Temp\playwright-java-5674233418925643551\package\lib\server\dispatchers\dispatcher.js:94:40)
    at DispatcherConnection.dispatch (C:\Users\ALPHIN~1\AppData\Local\Temp\playwright-java-5674233418925643551\package\lib\server\dispatchers\dispatcher.js:361:39)
}
Call log:
- waiting for locator(&amp;quot;//span[contains(text(),&amp;apos;0101&amp;apos;)]&amp;quot;)
-   locator resolved to &amp;lt;span class=&amp;quot;mat-option-text&amp;quot;&amp;gt; 0101 &amp;lt;/span&amp;gt;
- attempting click action
-   waiting for element to be visible, enabled and stable
-   element is visible, enabled and stable
-   scrolling into view if needed
-   done scrolling
-   &amp;lt;div class=&amp;quot;swal2-container swal2-center swal2-backdr…&amp;gt;…&amp;lt;/div&amp;gt; intercepts pointer events
- retrying click action, attempt #1
-   waiting for element to be visible, enabled and stable
-   element is visible, enabled and stable
-   scrolling into view if needed
-   done scrolling
-   &amp;lt;div class=&amp;quot;swal2-container swal2-center swal2-backdr…&amp;gt;…&amp;lt;/div&amp;gt; intercepts pointer events
- retrying click action, attempt #2
-   waiting 20ms
-   waiting for element to be visible, enabled and stable
-   element is visible, enabled and stable
-   scrolling into view if needed
-   done scrolling
-   &amp;lt;div class=&amp;quot;swal2-container swal2-center swal2-backdr…&amp;gt;…&amp;lt;/div&amp;gt; intercepts pointer events
- retrying click action, attempt #3
-   waiting 100ms
-   waiting for element to be visible, enabled and stable
-   element is visible, enabled and stable
-   scrolling into view if needed
-   done scrolling
-   &amp;lt;div class=&amp;quot;swal2-container swal2-center swal2-backdr…&amp;gt;…&amp;lt;/div&amp;gt; intercepts pointer events
- retrying click action, attempt #4
-   waiting 100ms
-   waiting for element to be visible, enabled and stable
-   element is visible, enabled and stable
-   scrolling into view if needed
-   done scrolling
-   &amp;lt;div class=&amp;quot;swal2-container swal2-center swal2-backdr…&amp;gt;…&amp;lt;/div&amp;gt; intercepts pointer events
- retrying click action, attempt #5
-   waiting 500ms
-   waiting for element to be visible, enabled and stable
-   element is visible, enabled and stable
-   scrolling into view if needed
-   done scrolling
-   &amp;lt;div class=&amp;quot;swal2-container swal2-center swal2-backdr…&amp;gt;…&amp;lt;/div&amp;gt; intercepts pointer events
- retrying click action, attempt #6
-   waiting 500ms
-   waiting for element to be visible, enabled and stable
-   element is visible, enabled and stable
-   scrolling into view if needed
-   done scrolling
-   &amp;lt;div class=&amp;quot;swal2-container swal2-center swal2-backdr…&amp;gt;…&amp;lt;/div&amp;gt; intercepts pointer events
- retrying click action, attempt #7
-   waiting 500ms
-   waiting for element to be visible, enabled and stable
-   element is visible, enabled and stable
-   scrolling into view if needed
-   done scrolling
-   &amp;lt;div class=&amp;quot;swal2-container swal2-center swal2-backdr…&amp;gt;…&amp;lt;/div&amp;gt; intercepts pointer events
- retrying click action, attempt #8
-   waiting 500ms
-   waiting for element to be visible, enabled and stable
-   element is visible, enabled and stable
-   scrolling into view if needed
-   done scrolling
-   &amp;lt;div class=&amp;quot;swal2-container swal2-center swal2-backdr…&amp;gt;…&amp;lt;/div&amp;gt; intercepts pointer events
- retrying click action, attempt #9
-   waiting 500ms
-   waiting for element to be visible, enabled and stable
-   element is visible, enabled and stable
-   scrolling into view if needed
-   done scrolling
-   &amp;lt;div class=&amp;quot;swal2-container swal2-center swal2-backdr…&amp;gt;…&amp;lt;/div&amp;gt; intercepts pointer events
- retrying click action, attempt #10
-   waiting 500ms
-   waiting for element to be visible, enabled and stable
- element was detached from the DOM, retrying
">
      <![CDATA[com.microsoft.playwright.TimeoutError: Error {
  message='Timeout 100000ms exceeded.
  name='TimeoutError
  stack='TimeoutError: Timeout 100000ms exceeded.
    at ProgressController.run (C:\Users\ALPHIN~1\AppData\Local\Temp\playwright-java-5674233418925643551\package\lib\server\progress.js:78:26)
    at Frame.click (C:\Users\ALPHIN~1\AppData\Local\Temp\playwright-java-5674233418925643551\package\lib\server\frames.js:1001:23)
    at FrameDispatcher.click (C:\Users\ALPHIN~1\AppData\Local\Temp\playwright-java-5674233418925643551\package\lib\server\dispatchers\frameDispatcher.js:158:30)
    at FrameDispatcher._handleCommand (C:\Users\ALPHIN~1\AppData\Local\Temp\playwright-java-5674233418925643551\package\lib\server\dispatchers\dispatcher.js:94:40)
    at DispatcherConnection.dispatch (C:\Users\ALPHIN~1\AppData\Local\Temp\playwright-java-5674233418925643551\package\lib\server\dispatchers\dispatcher.js:361:39)
}
Call log:
- waiting for locator("//span[contains(text(),'0101')]")
-   locator resolved to <span class="mat-option-text"> 0101 </span>
- attempting click action
-   waiting for element to be visible, enabled and stable
-   element is visible, enabled and stable
-   scrolling into view if needed
-   done scrolling
-   <div class="swal2-container swal2-center swal2-backdr…>…</div> intercepts pointer events
- retrying click action, attempt #1
-   waiting for element to be visible, enabled and stable
-   element is visible, enabled and stable
-   scrolling into view if needed
-   done scrolling
-   <div class="swal2-container swal2-center swal2-backdr…>…</div> intercepts pointer events
- retrying click action, attempt #2
-   waiting 20ms
-   waiting for element to be visible, enabled and stable
-   element is visible, enabled and stable
-   scrolling into view if needed
-   done scrolling
-   <div class="swal2-container swal2-center swal2-backdr…>…</div> intercepts pointer events
- retrying click action, attempt #3
-   waiting 100ms
-   waiting for element to be visible, enabled and stable
-   element is visible, enabled and stable
-   scrolling into view if needed
-   done scrolling
-   <div class="swal2-container swal2-center swal2-backdr…>…</div> intercepts pointer events
- retrying click action, attempt #4
-   waiting 100ms
-   waiting for element to be visible, enabled and stable
-   element is visible, enabled and stable
-   scrolling into view if needed
-   done scrolling
-   <div class="swal2-container swal2-center swal2-backdr…>…</div> intercepts pointer events
- retrying click action, attempt #5
-   waiting 500ms
-   waiting for element to be visible, enabled and stable
-   element is visible, enabled and stable
-   scrolling into view if needed
-   done scrolling
-   <div class="swal2-container swal2-center swal2-backdr…>…</div> intercepts pointer events
- retrying click action, attempt #6
-   waiting 500ms
-   waiting for element to be visible, enabled and stable
-   element is visible, enabled and stable
-   scrolling into view if needed
-   done scrolling
-   <div class="swal2-container swal2-center swal2-backdr…>…</div> intercepts pointer events
- retrying click action, attempt #7
-   waiting 500ms
-   waiting for element to be visible, enabled and stable
-   element is visible, enabled and stable
-   scrolling into view if needed
-   done scrolling
-   <div class="swal2-container swal2-center swal2-backdr…>…</div> intercepts pointer events
- retrying click action, attempt #8
-   waiting 500ms
-   waiting for element to be visible, enabled and stable
-   element is visible, enabled and stable
-   scrolling into view if needed
-   done scrolling
-   <div class="swal2-container swal2-center swal2-backdr…>…</div> intercepts pointer events
- retrying click action, attempt #9
-   waiting 500ms
-   waiting for element to be visible, enabled and stable
-   element is visible, enabled and stable
-   scrolling into view if needed
-   done scrolling
-   <div class="swal2-container swal2-center swal2-backdr…>…</div> intercepts pointer events
- retrying click action, attempt #10
-   waiting 500ms
-   waiting for element to be visible, enabled and stable
- element was detached from the DOM, retrying

at com.microsoft.playwright.impl.WaitableResult.get(WaitableResult.java:52)
at com.microsoft.playwright.impl.ChannelOwner.runUntil(ChannelOwner.java:120)
at com.microsoft.playwright.impl.Connection.sendMessage(Connection.java:130)
at com.microsoft.playwright.impl.ChannelOwner.sendMessage(ChannelOwner.java:106)
at com.microsoft.playwright.impl.FrameImpl.clickImpl(FrameImpl.java:252)
at com.microsoft.playwright.impl.FrameImpl.lambda$click$8(FrameImpl.java:243)
at com.microsoft.playwright.impl.LoggingSupport.lambda$withLogging$0(LoggingSupport.java:36)
at com.microsoft.playwright.impl.LoggingSupport.withLogging(LoggingSupport.java:47)
at com.microsoft.playwright.impl.ChannelOwner.withLogging(ChannelOwner.java:89)
at com.microsoft.playwright.impl.LoggingSupport.withLogging(LoggingSupport.java:35)
at com.microsoft.playwright.impl.FrameImpl.click(FrameImpl.java:243)
at com.microsoft.playwright.impl.LocatorImpl.click(LocatorImpl.java:160)
at com.microsoft.playwright.Locator.click(Locator.java:2460)
at pages.MCOUB04Page.submitUB04(MCOUB04Page.java:572)
at tests.SampleTest.sampleLogin(SampleTest.java:30)
at java.base/jdk.internal.reflect.DirectMethodHandleAccessor.invoke(DirectMethodHandleAccessor.java:103)
at java.base/java.lang.reflect.Method.invoke(Method.java:580)
at org.testng.internal.MethodInvocationHelper.invokeMethod(MethodInvocationHelper.java:133)
at org.testng.internal.TestInvoker.invokeMethod(TestInvoker.java:598)
at org.testng.internal.TestInvoker.invokeTestMethod(TestInvoker.java:173)
at org.testng.internal.MethodRunner.runInSequence(MethodRunner.java:46)
at org.testng.internal.TestInvoker$MethodInvocationAgent.invoke(TestInvoker.java:824)
at org.testng.internal.TestInvoker.invokeTestMethods(TestInvoker.java:146)
at org.testng.internal.TestMethodWorker.invokeTestMethods(TestMethodWorker.java:146)
at org.testng.internal.TestMethodWorker.run(TestMethodWorker.java:128)
at java.base/java.util.ArrayList.forEach(ArrayList.java:1597)
at org.testng.TestRunner.privateRun(TestRunner.java:794)
at org.testng.TestRunner.run(TestRunner.java:596)
at org.testng.SuiteRunner.runTest(SuiteRunner.java:377)
at org.testng.SuiteRunner.runSequentially(SuiteRunner.java:371)
at org.testng.SuiteRunner.privateRun(SuiteRunner.java:332)
at org.testng.SuiteRunner.run(SuiteRunner.java:276)
at org.testng.SuiteRunnerWorker.runSuite(SuiteRunnerWorker.java:53)
at org.testng.SuiteRunnerWorker.run(SuiteRunnerWorker.java:96)
at org.testng.TestNG.runSuitesSequentially(TestNG.java:1212)
at org.testng.TestNG.runSuitesLocally(TestNG.java:1134)
at org.testng.TestNG.runSuites(TestNG.java:1063)
at org.testng.TestNG.run(TestNG.java:1031)
at org.testng.remote.AbstractRemoteTestNG.run(AbstractRemoteTestNG.java:115)
at org.testng.remote.RemoteTestNG.initAndRun(RemoteTestNG.java:293)
at org.testng.remote.RemoteTestNG.main(RemoteTestNG.java:91)
Caused by: com.microsoft.playwright.TimeoutError: Error {
  message='Timeout 100000ms exceeded.
  name='TimeoutError
  stack='TimeoutError: Timeout 100000ms exceeded.
    at ProgressController.run (C:\Users\ALPHIN~1\AppData\Local\Temp\playwright-java-5674233418925643551\package\lib\server\progress.js:78:26)
    at Frame.click (C:\Users\ALPHIN~1\AppData\Local\Temp\playwright-java-5674233418925643551\package\lib\server\frames.js:1001:23)
    at FrameDispatcher.click (C:\Users\ALPHIN~1\AppData\Local\Temp\playwright-java-5674233418925643551\package\lib\server\dispatchers\frameDispatcher.js:158:30)
    at FrameDispatcher._handleCommand (C:\Users\ALPHIN~1\AppData\Local\Temp\playwright-java-5674233418925643551\package\lib\server\dispatchers\dispatcher.js:94:40)
    at DispatcherConnection.dispatch (C:\Users\ALPHIN~1\AppData\Local\Temp\playwright-java-5674233418925643551\package\lib\server\dispatchers\dispatcher.js:361:39)
}
Call log:
- waiting for locator("//span[contains(text(),'0101')]")
-   locator resolved to <span class="mat-option-text"> 0101 </span>
- attempting click action
-   waiting for element to be visible, enabled and stable
-   element is visible, enabled and stable
-   scrolling into view if needed
-   done scrolling
-   <div class="swal2-container swal2-center swal2-backdr…>…</div> intercepts pointer events
- retrying click action, attempt #1
-   waiting for element to be visible, enabled and stable
-   element is visible, enabled and stable
-   scrolling into view if needed
-   done scrolling
-   <div class="swal2-container swal2-center swal2-backdr…>…</div> intercepts pointer events
- retrying click action, attempt #2
-   waiting 20ms
-   waiting for element to be visible, enabled and stable
-   element is visible, enabled and stable
-   scrolling into view if needed
-   done scrolling
-   <div class="swal2-container swal2-center swal2-backdr…>…</div> intercepts pointer events
- retrying click action, attempt #3
-   waiting 100ms
-   waiting for element to be visible, enabled and stable
-   element is visible, enabled and stable
-   scrolling into view if needed
-   done scrolling
-   <div class="swal2-container swal2-center swal2-backdr…>…</div> intercepts pointer events
- retrying click action, attempt #4
-   waiting 100ms
-   waiting for element to be visible, enabled and stable
-   element is visible, enabled and stable
-   scrolling into view if needed
-   done scrolling
-   <div class="swal2-container swal2-center swal2-backdr…>…</div> intercepts pointer events
- retrying click action, attempt #5
-   waiting 500ms
-   waiting for element to be visible, enabled and stable
-   element is visible, enabled and stable
-   scrolling into view if needed
-   done scrolling
-   <div class="swal2-container swal2-center swal2-backdr…>…</div> intercepts pointer events
- retrying click action, attempt #6
-   waiting 500ms
-   waiting for element to be visible, enabled and stable
-   element is visible, enabled and stable
-   scrolling into view if needed
-   done scrolling
-   <div class="swal2-container swal2-center swal2-backdr…>…</div> intercepts pointer events
- retrying click action, attempt #7
-   waiting 500ms
-   waiting for element to be visible, enabled and stable
-   element is visible, enabled and stable
-   scrolling into view if needed
-   done scrolling
-   <div class="swal2-container swal2-center swal2-backdr…>…</div> intercepts pointer events
- retrying click action, attempt #8
-   waiting 500ms
-   waiting for element to be visible, enabled and stable
-   element is visible, enabled and stable
-   scrolling into view if needed
-   done scrolling
-   <div class="swal2-container swal2-center swal2-backdr…>…</div> intercepts pointer events
- retrying click action, attempt #9
-   waiting 500ms
-   waiting for element to be visible, enabled and stable
-   element is visible, enabled and stable
-   scrolling into view if needed
-   done scrolling
-   <div class="swal2-container swal2-center swal2-backdr…>…</div> intercepts pointer events
- retrying click action, attempt #10
-   waiting 500ms
-   waiting for element to be visible, enabled and stable
- element was detached from the DOM, retrying

at com.microsoft.playwright.impl.Connection.dispatch(Connection.java:254)
at com.microsoft.playwright.impl.Connection.processOneMessage(Connection.java:211)
at com.microsoft.playwright.impl.ChannelOwner.runUntil(ChannelOwner.java:118)
... 39 more
]]>
    </failure>
  </testcase> <!-- sampleLogin -->
  <testcase classname="tests.SampleTest" name="batch" time="0.0">
    <ignored/>
  </testcase> <!-- batch -->
</testsuite> <!-- Default test -->
