<?xml version="1.0" encoding="UTF-8"?>
<testng-results ignored="0" total="1" passed="1" failed="0" skipped="0">
  <reporter-output>
  </reporter-output>
  <suite started-at="2024-05-07T13:21:56 IST" name="Default suite" finished-at="2024-05-07T13:28:17 IST" duration-ms="381628">
    <groups>
    </groups>
    <test started-at="2024-05-07T13:21:56 IST" name="Default test" finished-at="2024-05-07T13:28:17 IST" duration-ms="381628">
      <class name="tests.SampleTest">
        <test-method is-config="true" signature="browserLaunch()[pri:0, instance:tests.SampleTest@3f4faf53]" started-at="2024-05-07T13:21:56 IST" name="browserLaunch" finished-at="2024-05-07T13:21:59 IST" duration-ms="3755" status="PASS">
          <reporter-output>
          </reporter-output>
        </test-method> <!-- browserLaunch -->
        <test-method is-config="true" signature="beforeMethod(java.lang.reflect.Method)[pri:0, instance:tests.SampleTest@3f4faf53]" started-at="2024-05-07T13:21:59 IST" name="beforeMethod" finished-at="2024-05-07T13:21:59 IST" duration-ms="18" status="PASS">
          <params>
            <param index="0">
              <value>
                <![CDATA[public void tests.SampleTest.sampleLogin()]]>
              </value>
            </param>
          </params>
          <reporter-output>
          </reporter-output>
        </test-method> <!-- beforeMethod -->
        <test-method signature="sampleLogin()[pri:0, instance:tests.SampleTest@3f4faf53]" started-at="2024-05-07T13:21:59 IST" name="sampleLogin" finished-at="2024-05-07T13:28:17 IST" duration-ms="377354" status="PASS">
          <reporter-output>
          </reporter-output>
        </test-method> <!-- sampleLogin -->
        <test-method is-config="true" signature="close()[pri:0, instance:tests.SampleTest@3f4faf53]" started-at="2024-05-07T13:28:17 IST" name="close" finished-at="2024-05-07T13:28:17 IST" duration-ms="424" status="PASS">
          <reporter-output>
          </reporter-output>
        </test-method> <!-- close -->
      </class> <!-- tests.SampleTest -->
    </test> <!-- Default test -->
  </suite> <!-- Default suite -->
</testng-results>
